<?xml version="1.0" encoding="UTF-8"?>
<!-- Generated by org.testng.reporters.JUnitReportReporter -->
<testsuite hostname="LTIN440965" failures="0" tests="1" name="Stream0" time="0.014" errors="0" timestamp="2025-04-23T21:28:07 IST" skipped="0">
  <testcase classname="Stream0" name="Assignment" time="0.014"/>
</testsuite> <!-- Stream0 -->
